Log file open, 07/04/15 11:33:28
LogInit:Display: Running engine for game: Defense
LogInit: Version: 4.7.6-2513093+++depot+UE4-Releases+4.7
LogInit: API Version: 2455222
LogInit: Compiled (64-bit): Apr 15 2015 12:09:54
LogInit: Compiled with Visual C++: 18.00.21005.01
LogInit: Build Configuration: Development
LogInit: Branch Name: ++depot+UE4-Releases+4.7
LogInit: Command line:  
LogInit: Base directory: C:/Program Files/Epic Games/4.7/Engine/Binaries/Win64/
LogInit: Rocket: 1
[2015.07.04-09.33.28:821][  0]LogTaskGraph: Started task graph with 3 named threads and 4 total threads.
[2015.07.04-09.33.28:888][  0]LogOnline:Warning: No default platform service specified for OnlineSubsystem
[2015.07.04-09.33.29:244][  0]LogInit: Presizing for 0 objects not considered by GC, pre-allocating 0 bytes.
[2015.07.04-09.33.29:306][  0]LogInit: Object subsystem initialized
[2015.07.04-09.33.29:360][  0]LogConsoleResponse:Warning: Skipping Unknown console variable: 'TranslucentSortAxis = (X=0.000000,Y=-1.000000,Z=0.000000)'
[2015.07.04-09.33.29:360][  0]LogConsoleResponse:Warning:   Found in ini file 'C:/Users/Julian/Desktop/FruitDefense/Defense/Saved/Config/Windows/Engine.ini', in section '[/Script/Engine.RendererSettings]'
[2015.07.04-09.33.29:360][  0]LogConsoleResponse:Warning: Skipping Unknown console variable: 'UIScaleRule = ShortestSide'
[2015.07.04-09.33.29:360][  0]LogConsoleResponse:Warning:   Found in ini file 'C:/Users/Julian/Desktop/FruitDefense/Defense/Saved/Config/Windows/Engine.ini', in section '[/Script/Engine.RendererSettings]'
[2015.07.04-09.33.29:360][  0]LogConsoleResponse:Warning: Skipping Unknown console variable: 'UIScaleCurve = (EditorCurveData=(Keys=),ExternalCurve=None)'
[2015.07.04-09.33.29:360][  0]LogConsoleResponse:Warning:   Found in ini file 'C:/Users/Julian/Desktop/FruitDefense/Defense/Saved/Config/Windows/Engine.ini', in section '[/Script/Engine.RendererSettings]'
[2015.07.04-09.33.29:399][  0]LogInit: Selected Device Profile: [Windows]
[2015.07.04-09.33.29:399][  0]LogInit: Applying CVar settings loaded from the selected device profile: [Windows]
[2015.07.04-09.33.29:457][  0]LogInit: Computer: JULIAN-DATOR
[2015.07.04-09.33.29:457][  0]LogInit: User: Julian
[2015.07.04-09.33.29:474][  0]LogInit: CPU Page size=4096, Cores=2
[2015.07.04-09.33.29:474][  0]LogInit: High frequency timer resolution =2.929755 MHz
[2015.07.04-09.33.29:474][  0]LogMemory: Memory total: Physical=7.9GB (8GB approx) Virtual=8192.0GB
[2015.07.04-09.33.29:474][  0]LogMemory: Platform Memory Stats for Windows
[2015.07.04-09.33.29:474][  0]LogMemory: Process Physical Memory: 46.75 MB used, 46.75 MB peak
[2015.07.04-09.33.29:474][  0]LogMemory: Process Virtual Memory: 26.77 MB used, 26.77 MB peak
[2015.07.04-09.33.29:475][  0]LogMemory: Physical Memory: 3740.88 MB used, 8121.64 MB total
[2015.07.04-09.33.29:475][  0]LogMemory: Virtual Memory: 280.38 MB used, 8388608.00 MB total
[2015.07.04-09.33.29:569][  0]LogD3D11RHI: Found D3D11 adapter 0: NVIDIA GeForce GTX 650 (Feature Level 11_0)
[2015.07.04-09.33.29:569][  0]LogD3D11RHI: Adapter has 972MB of dedicated video memory, 0MB of dedicated system memory, and 3072MB of shared system memory, 1 output[s]
[2015.07.04-09.33.29:569][  0]LogD3D11RHI: Chosen D3D11 Adapter Id = 0
[2015.07.04-09.33.29:580][  0]LogRHI: Texture pool is 680 MB (70% of 972 MB)
[2015.07.04-09.33.29:592][  0]LogD3D11RHI: Async texture creation enabled
[2015.07.04-09.33.30:986][  0]LogTextLocalizationManager: The requested culture ('sv_SE') has no localization data; falling back to 'en' for localization and internationalization data.
[2015.07.04-09.33.31:295][  0]LogTextLocalizationManager:Warning: Loading localization resources contain conflicting entries for (Namespace:UICommands, Key:Save_ToolTip):
Resource: (C:/Program Files/Epic Games/4.7/Engine/Content/Localization/Editor/en/Editor.locres) Hash: (-29098895) String: (Saves the current level to disk)
Resource: (C:/Program Files/Epic Games/4.7/Engine/Content/Localization/Engine/en/Engine.locres) Hash: (-1280300587) String: (Save selected data to vlog file)
[2015.07.04-09.33.31:296][  0]LogTextLocalizationManager:Warning: Loading localization resources contain conflicting entries for (Namespace:ContentBrowser, Key:ImportAssetToolTip):
Resource: (C:/Program Files/Epic Games/4.7/Engine/Content/Localization/Editor/en/Editor.locres) Hash: (-630476809) String: (Import to {0}...)
Resource: (C:/Program Files/Epic Games/4.7/Engine/Content/Localization/Editor/en/Editor.locres) Hash: (1271782899) String: (Imports an asset from file to this folder.)
[2015.07.04-09.33.31:392][  0]LogContentStreaming: Texture pool size is 0.000000MB
[2015.07.04-09.33.40:708][  0]LogTargetPlatformManager:Display: Building Assets For Windows
[2015.07.04-09.33.42:585][  0]LogTargetPlatformManager:Display: Building Assets For Windows
[2015.07.04-09.33.42:725][  0]LogDerivedDataCache:Display: Max Cache Size: 512 MB
[2015.07.04-09.33.43:236][  0]LogDerivedDataCache: Loaded boot cache 0.51s 39MB C:/Users/Julian/AppData/Local/UnrealEngine/4.7/DerivedDataCache/Boot.ddc.
[2015.07.04-09.33.43:236][  0]LogDerivedDataCache:Display: Loaded Boot cache: C:/Users/Julian/AppData/Local/UnrealEngine/4.7/DerivedDataCache/Boot.ddc
[2015.07.04-09.33.43:236][  0]LogDerivedDataCache: FDerivedDataBackendGraph:  Pak pak cache file ../../../../../../Users/Julian/Desktop/FruitDefense/Defense/DerivedDataCache/DDC.ddp not found, will not use a pak cache.
[2015.07.04-09.33.43:236][  0]LogDerivedDataCache: Unable to find inner node Pak for hierarchical cache Hierarchy.
[2015.07.04-09.33.43:486][  0]LogDerivedDataCache:Display: Pak cache opened for reading ../../../Engine/DerivedDataCache/Compressed.ddp.
[2015.07.04-09.33.43:498][  0]LogDerivedDataCache: Using Local data cache path C:/Users/Julian/AppData/Local/UnrealEngine/Common/DerivedDataCache: Writable
[2015.07.04-09.33.55:965][  0]LogMeshUtilities: No automatic mesh reduction module available
[2015.07.04-09.33.55:965][  0]LogMeshUtilities: No automatic mesh merging module available
[2015.07.04-09.33.58:616][  0]LogInit: WinSock: version 1.1 (2.2), MaxSocks=32767, MaxUdp=65467
[2015.07.04-09.33.59:041][  0]LogSlate:Warning: Failed to load font data from '../../../Engine/Content/Slate/Fonts/Roboto-Italic.ttf'
[2015.07.04-09.34.25:548][  0]UdpMessaging: Initializing bridge on interface 0.0.0.0:0 to multicast group 230.0.0.1:6666.
[2015.07.04-09.34.26:677][  0]SourceControl: Info Source control is disabled
[2015.07.04-09.34.26:677][  0]SourceControl: Info Source control is disabled
[2015.07.04-09.34.26:677][  0]SourceControl: Info Source control is disabled
[2015.07.04-09.34.26:677][  0]LogSourceControl: RunCommandInternalRaw: 'git version'
[2015.07.04-09.34.26:677][  0]LogSourceControl: RunCommandInternalRaw: ExecProcess ReturnCode=2 OutResults=''
[2015.07.04-09.34.26:695][  0]SourceControl: Info Source control is disabled
[2015.07.04-09.34.28:472][  0]LogObj: 24232 objects as part of root set at end of initial load.
[2015.07.04-09.34.28:472][  0]LogUObjectAllocator: 5137176 out of 0 bytes used by permanent object pool.
[2015.07.04-09.34.29:380][  0]LogEngine: Initializing Engine...
[2015.07.04-09.34.32:977][  0]LogInit: XAudio2 using 'Högtalare (2- Wireless Stereo Headset)' : 2 channels at 44.1 kHz using 16 bits per sample (channel mask 0x3)
[2015.07.04-09.34.33:112][  0]LogInit: FAudioDevice initialized.
[2015.07.04-09.34.33:323][  0]LogAIModule: Creating AISystem for world NewWorld
[2015.07.04-09.34.33:358][  0]LogDerivedDataCache: Saved boot cache 0.03s 39MB C:/Users/Julian/AppData/Local/UnrealEngine/4.7/DerivedDataCache/Boot.ddc.
[2015.07.04-09.34.33:365][  0]LogInit: Texture streaming: Enabled
[2015.07.04-09.34.34:166][  0]LogAnalytics: Creating configured Analytics provider AnalyticsET
[2015.07.04-09.34.34:166][  0]LogAnalytics: ET APIKey = Rocket.Release. APIServer = http://et2.epicgames.com/ET2/. AppVersion = 4.7.6-2513093+++depot+UE4-Releases+4.7
[2015.07.04-09.34.34:166][  0]LogAnalytics: ET APIKey = Rocket.Release. DataRouterUploadURL = https://datarouter-public-service-gamedev.ol.epicgames.net/datarouter/api/v1/public/data. AppVersion = 4.7.6-2513093+++depot+UE4-Releases+4.7
[2015.07.04-09.34.34:166][  0]LogAnalytics: SetUserId 114211194728c12cf23f1982bf284a97|4a027c99dc4a4f4b84fd30ef33c35992|6d9f2403-2aa6-497e-9cf6-fe627383b913
[2015.07.04-09.34.34:183][  0]LogAnalytics: AnalyticsET::StartSession [Rocket.Release]
[2015.07.04-09.34.34:307][  0]LogInit: Transaction tracking system initialized
[2015.07.04-09.34.35:239][  0]BlueprintLog: New page: Editor Load
[2015.07.04-09.34.35:444][  0]LogAssetRegistry: FAssetRegistry took 0.0099 seconds to start up
[2015.07.04-09.34.35:444][  0]LogDirectoryWatcher:Warning: Failed to begin reading directory changes for ../../../Engine/Plugins/Experimental/CharacterAI/Content/. Error: 0
[2015.07.04-09.34.39:040][  0]LogTargetPlatformManager:Display: Building Assets For Windows
[2015.07.04-09.34.39:708][  0]LogTargetPlatformManager:Display: Building Assets For Windows
[2015.07.04-09.34.41:130][  0]LogSlate:Warning: Failed to load font data from '../../../Engine/Content/Editor/Slate/Fonts/Roboto-Regular.ttf'
[2015.07.04-09.34.41:131][  0]LogSlate:Warning: Failed to load font data from '../../../Engine/Content/Editor/Slate/Fonts/Roboto-Bold.ttf'
[2015.07.04-09.34.41:265][  0]LogConsoleResponse:Display: 
[2015.07.04-09.34.44:116][  0]LogCook:Display: Done creating registry. It took  0.00s.
[2015.07.04-09.34.46:213][  0]SourceControl: Info Source control is disabled
[2015.07.04-09.34.46:294][  0]Cmd: MAP LOAD FILE="../../../../../../Users/Julian/Desktop/FruitDefense/Defense/Content/Maps/TestMap.umap" TEMPLATE=0 SHOWPROGRESS=1 FEATURELEVEL=3
[2015.07.04-09.34.46:397][  0]LightingResults: New page: Lighting Build
[2015.07.04-09.34.46:690][  0]MapCheck: New page: Map Check
[2015.07.04-09.34.46:690][  0]LightingResults: New page: Lighting Build
[2015.07.04-09.34.46:721][  0]LogParticles: Destroying 0 GPU particle simulations for FXSystem 0x0000000019BA0C20
[2015.07.04-09.34.52:008][  0]LogEditorServer: Finished looking for orphan Actors (0.000 secs)
[2015.07.04-09.34.52:049][  0]LogAIModule: Creating AISystem for world TestMap
[2015.07.04-09.34.52:070][  0]Cmd: MAP CHECKDEP
[2015.07.04-09.34.52:071][  0]MapCheck: New page: TestMap - Jul 4, 2015, 1:34:52 PM
[2015.07.04-09.34.52:238][  0]MapCheck: Info Map check complete: 0 Error(s), 0 Warning(s), took 167.444ms to complete.
[2015.07.04-09.34.52:238][  0]LogFileHelpers: Loading map 'TestMap' took 5.943
[2015.07.04-09.34.52:946][  0]LogCollectionManager: Loaded 0 collections in 0.002556 seconds
[2015.07.04-09.34.52:981][  0]LogContentBrowser: Native class hierarchy populated in 0.0347 seconds. Added 1696 classes and 261 folders.
[2015.07.04-09.34.53:233][  0]LogContentBrowser: Native class hierarchy updated for 'SceneOutliner' in 0.0087 seconds. Added 1 classes and 2 folders.
[2015.07.04-09.34.53:552][  0]LogCrashTracker: Crashtracker disabled due to settings.
[2015.07.04-09.34.53:576][  0]LogSlate:Warning: Failed to load font data from 'Veranda'
[2015.07.04-09.34.53:616][  0]LogUObjectGlobals:Warning: Failed to find object 'Class None.'
[2015.07.04-09.34.53:774][  0]LogLoad: Full Startup: 93.58 seconds (BP compile: 0.31 seconds)
[2015.07.04-09.34.53:849][  0]LogContentBrowser:Verbose: The content browser source was changed by the sources view to '/Game/Monster'
[2015.07.04-09.34.54:118][  0]LogRenderer:Warning: Reallocating scene render targets to support 32x32 (Frame:2).
[2015.07.04-09.34.54:469][  1]LogRenderer:Warning: Reallocating scene render targets to support 808x368 (Frame:4).
[2015.07.04-09.34.54:511][  1]Cmd: UpdateLandscapeEditorData -warnings
[2015.07.04-09.34.54:599][  1]Cmd: UpdateLandscapeEditorData
[2015.07.04-09.34.54:777][  4]LogAssetRegistry: Asset discovery search completed in 19.3436 seconds
[2015.07.04-09.35.23:134][432]LogMaterial: 0.003115 seconds spent updating 1 materials, 1 interfaces, 1 instances, 1 with static permutations.
[2015.07.04-09.35.23:175][432]LogMaterial: 0.003222 seconds spent updating 1 materials, 1 interfaces, 1 instances, 1 with static permutations.
[2015.07.04-09.3